{"level":"info","message":"Server is up on PORT 3000"}
{"level":"info","message":"Server is up on PORT 3000"}
{"level":"info","message":"Server is up on PORT 3000"}
{"level":"info","message":"Server is up on PORT 3000"}
{"level":"info","message":"new socket"}
{"level":"info","message":"Server is up on PORT 3000"}
{"level":"info","message":"new socket"}
{"level":"info","message":"Server is up on PORT 3000"}
{"level":"info","message":"new socket"}
{"level":"info","message":"new socket"}
{"level":"info","message":"Processing a message: hi"}
{"level":"info","message":"Processing a message: hi"}
{"level":"info","message":"Processing a message: @list"}
{"level":"info","message":"Parsing a command @list"}
{"level":"info","message":"Processing a message: what's up chicken butt?"}
{"level":"info","message":"Processing a message: ummmmm"}
{"level":"info","message":"Processing a message: nope"}
{"level":"info","message":"Processing a message: nope!"}
{"level":"info","message":"new socket"}
{"level":"info","message":"Processing a message: hey guys!"}
{"level":"info","message":"Processing a message: that's quick!"}
{"level":"info","message":"Processing a message: "}
{"level":"info","message":"new socket"}
{"level":"info","message":"Processing a message: hello everyone"}
{"level":"info","message":"Server is up on PORT 3000"}
{"level":"info","message":"new socket"}
{"level":"info","message":"new socket"}
{"level":"info","message":"new socket"}
{"level":"info","message":"Processing a message from Zoie62: hello from Zoie62"}
{"level":"info","message":"Processing a message from Leann76: hi!"}
{"level":"info","message":"Processing a message from Colten_Heller0: aloha!"}
